Ignoring directive: .attribute	4, 16
Ignoring directive: .attribute	5, "rv32i2p1"
Ignoring directive: .file	"builtin.c"
Ignoring directive: .type	print,@function
Ignoring directive: .size	print, .Lfunc_end0-print
Ignoring directive: .type	println,@function
Ignoring directive: .size	println, .Lfunc_end1-println
Ignoring directive: .type	printInt,@function
Ignoring directive: .size	printInt, .Lfunc_end2-printInt
Ignoring directive: .type	printlnInt,@function
Ignoring directive: .size	printlnInt, .Lfunc_end3-printlnInt
Ignoring directive: .type	_malloc_array,@function
Ignoring directive: .size	_malloc_array, .Lfunc_end4-_malloc_array
Ignoring directive: .type	_malloc,@function
Ignoring directive: .size	_malloc, .Lfunc_end5-_malloc
Ignoring directive: .type	getString,@function
Ignoring directive: .size	getString, .Lfunc_end6-getString
Ignoring directive: .type	getInt,@function
Ignoring directive: .size	getInt, .Lfunc_end7-getInt
Ignoring directive: .type	toString,@function
Ignoring directive: .size	toString, .Lfunc_end8-toString
Ignoring directive: .type	_string.length,@function
Ignoring directive: .size	_string.length, .Lfunc_end9-_string.length
Ignoring directive: .type	_string.substring,@function
Ignoring directive: .size	_string.substring, .Lfunc_end10-_string.substring
Ignoring directive: .type	_string.parseInt,@function
Ignoring directive: .size	_string.parseInt, .Lfunc_end11-_string.parseInt
Ignoring directive: .type	_string.ord,@function
Ignoring directive: .size	_string.ord, .Lfunc_end12-_string.ord
Ignoring directive: .type	_string.compare,@function
Ignoring directive: .size	_string.compare, .Lfunc_end13-_string.compare
Ignoring directive: .type	_string.concat,@function
Ignoring directive: .size	_string.concat, .Lfunc_end14-_string.concat
Ignoring directive: .type	_string.copy,@function
Ignoring directive: .size	_string.copy, .Lfunc_end15-_string.copy
Ignoring directive: .type	.L.str,@object
Ignoring directive: .size	.L.str, 3
Ignoring directive: .type	.L.str.1,@object
Ignoring directive: .size	.L.str.1, 4
Ignoring directive: .type	.L.str.2,@object
Ignoring directive: .size	.L.str.2, 3
Ignoring directive: .type	.L.str.3,@object
Ignoring directive: .size	.L.str.3, 4
Ignoring directive: .ident	"Ubuntu clang version 17.0.0 (++20230815093759+2f0fb9346d0b-1~exp1~20230815093910.22)"
Ignoring directive: .section	".note.GNU-stack","",@progbits
Ignoring directive: .attribute	4, 16
Ignoring directive: .attribute	5, "rv32i2p1"
Ignoring directive: .file	"output.ll"
Ignoring directive: .type	exchange,@function
Ignoring directive: .cfi_startproc
Ignoring directive: .cfi_def_cfa_offset 16
Ignoring directive: .size	exchange, .Lfunc_end0-exchange
Ignoring directive: .cfi_endproc
Ignoring directive: .type	main,@function
Ignoring directive: .cfi_startproc
Ignoring directive: .cfi_def_cfa_offset 16
Ignoring directive: .cfi_offset ra, -4
Ignoring directive: .cfi_offset s0, -8
Ignoring directive: .cfi_offset s1, -12
Ignoring directive: .size	main, .Lfunc_end1-main
Ignoring directive: .cfi_endproc
Ignoring directive: .type	adjustHeap,@function
Ignoring directive: .cfi_startproc
Ignoring directive: .cfi_def_cfa_offset 32
Ignoring directive: .cfi_offset ra, -4
Ignoring directive: .cfi_offset s0, -8
Ignoring directive: .cfi_def_cfa s0, 0
Ignoring directive: .size	adjustHeap, .Lfunc_end2-adjustHeap
Ignoring directive: .cfi_endproc
Ignoring directive: .type	heapSort,@function
Ignoring directive: .cfi_startproc
Ignoring directive: .cfi_def_cfa_offset 32
Ignoring directive: .cfi_offset ra, -4
Ignoring directive: .cfi_offset s0, -8
Ignoring directive: .cfi_offset s1, -12
Ignoring directive: .size	heapSort, .Lfunc_end3-heapSort
Ignoring directive: .cfi_endproc
Ignoring directive: .type	makeHeap,@function
Ignoring directive: .cfi_startproc
Ignoring directive: .cfi_def_cfa_offset 32
Ignoring directive: .cfi_offset ra, -4
Ignoring directive: .cfi_offset s0, -8
Ignoring directive: .cfi_offset s1, -12
Ignoring directive: .cfi_offset s2, -16
Ignoring directive: .cfi_def_cfa s0, 0
Ignoring directive: .size	makeHeap, .Lfunc_end4-makeHeap
Ignoring directive: .cfi_endproc
Ignoring directive: .type	a,@object
Ignoring directive: .size	a, 4
Ignoring directive: .type	n,@object
Ignoring directive: .size	n, 4
Ignoring directive: .type	string.0,@object
Ignoring directive: .size	string.0, 2
Ignoring directive: .type	string.1,@object
Ignoring directive: .size	string.1, 3
Ignoring directive: .section	".note.GNU-stack","",@progbits
terminate called after throwing an instance of 'ravel::UnresolvableSymbol'
  what():  Link error: can not resolve symbol _string_parseInt
